# JRE version: OpenJDK Runtime Environment JBR-17.0.6+10-829.5-jcef (17.0.6+10) (build 17.0.6+10-b829.5)
# Java VM: OpenJDK 64-Bit Server VM JBR-17.0.6+10-829.5-jcef (17.0.6+10-b829.5, mixed mode, tiered, compressed oops, compressed class ptrs, g1 gc, windows-amd64)
GC Precious Log:
 CPUs: 16 total, 16 available
 Memory: 14188M
 Large Page Support: Disabled
 NUMA Support: Disabled
 Compressed Oops: Enabled (32-bit)
 Heap Region Size: 1M
 Heap Min Capacity: 256M
 Heap Initial Capacity: 256M
 Heap Max Capacity: 512M
 Pre-touch: Disabled
 Parallel Workers: 13
 Concurrent Workers: 3
 Concurrent Refinement Workers: 13
 Periodic GC: Disabled
Heap:
 garbage-first heap   total 262144K, used 114298K [0x00000000e0000000, 0x0000000100000000)
  region size 1024K, 55 young (56320K), 2 survivors (2048K)
 Metaspace       used 55779K, committed 56448K, reserved 262144K
  class space    used 7444K, committed 7744K, reserved 212992K
GC Heap History (16 events):
Event: 0.701 GC heap before
{Heap before GC invocations=0 (full 0):
 garbage-first heap   total 262144K, used 29696K [0x00000000e0000000, 0x0000000100000000)
  region size 1024K, 23 young (23552K), 0 survivors (0K)
 Metaspace       used 10274K, committed 10432K, reserved 229376K
  class space    used 1059K, committed 1152K, reserved 212992K
}
Event: 0.703 GC heap after
{Heap after GC invocations=1 (full 0):
 garbage-first heap   total 262144K, used 9080K [0x00000000e0000000, 0x0000000100000000)
  region size 1024K, 3 young (3072K), 3 survivors (3072K)
 Metaspace       used 10274K, committed 10432K, reserved 229376K
  class space    used 1059K, committed 1152K, reserved 212992K
}
Event: 1.100 GC heap before
{Heap before GC invocations=1 (full 0):
 garbage-first heap   total 262144K, used 36728K [0x00000000e0000000, 0x0000000100000000)
  region size 1024K, 30 young (30720K), 3 survivors (3072K)
 Metaspace       used 11243K, committed 11392K, reserved 229376K
  class space    used 1163K, committed 1280K, reserved 212992K
}
Event: 1.103 GC heap after
{Heap after GC invocations=2 (full 0):
 garbage-first heap   total 262144K, used 13462K [0x00000000e0000000, 0x0000000100000000)
  region size 1024K, 4 young (4096K), 4 survivors (4096K)
 Metaspace       used 11243K, committed 11392K, reserved 229376K
  class space    used 1163K, committed 1280K, reserved 212992K
}
Event: 2.128 GC heap before
{Heap before GC invocations=2 (full 0):
 garbage-first heap   total 262144K, used 52374K [0x00000000e0000000, 0x0000000100000000)
  region size 1024K, 43 young (44032K), 4 survivors (4096K)
 Metaspace       used 21250K, committed 21504K, reserved 237568K
  class space    used 2610K, committed 2752K, reserved 212992K
}
Event: 2.131 GC heap after
{Heap after GC invocations=3 (full 0):
 garbage-first heap   total 262144K, used 17418K [0x00000000e0000000, 0x0000000100000000)
  region size 1024K, 8 young (8192K), 8 survivors (8192K)
 Metaspace       used 21250K, committed 21504K, reserved 237568K
  class space    used 2610K, committed 2752K, reserved 212992K
}
Event: 3.925 GC heap before
{Heap before GC invocations=4 (full 0):
 garbage-first heap   total 262144K, used 94218K [0x00000000e0000000, 0x0000000100000000)
  region size 1024K, 73 young (74752K), 8 survivors (8192K)
 Metaspace       used 31261K, committed 31552K, reserved 245760K
  class space    used 4240K, committed 4416K, reserved 212992K
}
Event: 3.931 GC heap after
{Heap after GC invocations=5 (full 0):
 garbage-first heap   total 262144K, used 34535K [0x00000000e0000000, 0x0000000100000000)
  region size 1024K, 10 young (10240K), 10 survivors (10240K)
 Metaspace       used 31261K, committed 31552K, reserved 245760K
  class space    used 4240K, committed 4416K, reserved 212992K
}
Event: 3.960 GC heap before
{Heap before GC invocations=5 (full 0):
 garbage-first heap   total 262144K, used 36583K [0x00000000e0000000, 0x0000000100000000)
  region size 1024K, 12 young (12288K), 10 survivors (10240K)
 Metaspace       used 31642K, committed 32000K, reserved 245760K
  class space    used 4298K, committed 4480K, reserved 212992K
}
Event: 3.963 GC heap after
{Heap after GC invocations=6 (full 0):
 garbage-first heap   total 262144K, used 34959K [0x00000000e0000000, 0x0000000100000000)
  region size 1024K, 2 young (2048K), 2 survivors (2048K)
 Metaspace       used 31642K, committed 32000K, reserved 245760K
  class space    used 4298K, committed 4480K, reserved 212992K
}
Event: 4.408 GC heap before
{Heap before GC invocations=6 (full 0):
 garbage-first heap   total 262144K, used 61583K [0x00000000e0000000, 0x0000000100000000)
  region size 1024K, 29 young (29696K), 2 survivors (2048K)
 Metaspace       used 35635K, committed 35968K, reserved 245760K
  class space    used 4901K, committed 5056K, reserved 212992K
}
Event: 4.411 GC heap after
{Heap after GC invocations=7 (full 0):
 garbage-first heap   total 262144K, used 35962K [0x00000000e0000000, 0x0000000100000000)
  region size 1024K, 3 young (3072K), 3 survivors (3072K)
 Metaspace       used 35635K, committed 35968K, reserved 245760K
  class space    used 4901K, committed 5056K, reserved 212992K
}
Event: 7.049 GC heap before
{Heap before GC invocations=8 (full 0):
 garbage-first heap   total 262144K, used 201850K [0x00000000e0000000, 0x0000000100000000)
  region size 1024K, 153 young (156672K), 3 survivors (3072K)
 Metaspace       used 52113K, committed 52544K, reserved 262144K
  class space    used 6909K, committed 7104K, reserved 212992K
}
Event: 7.059 GC heap after
{Heap after GC invocations=9 (full 0):
 garbage-first heap   total 262144K, used 59909K [0x00000000e0000000, 0x0000000100000000)
  region size 1024K, 17 young (17408K), 17 survivors (17408K)
 Metaspace       used 52113K, committed 52544K, reserved 262144K
  class space    used 6909K, committed 7104K, reserved 212992K
}
Event: 7.080 GC heap before
{Heap before GC invocations=9 (full 0):
 garbage-first heap   total 262144K, used 60933K [0x00000000e0000000, 0x0000000100000000)
  region size 1024K, 18 young (18432K), 17 survivors (17408K)
 Metaspace       used 52145K, committed 52672K, reserved 262144K
  class space    used 6918K, committed 7168K, reserved 212992K
}
Event: 7.086 GC heap after
{Heap after GC invocations=10 (full 0):
 garbage-first heap   total 262144K, used 61050K [0x00000000e0000000, 0x0000000100000000)
  region size 1024K, 2 young (2048K), 2 survivors (2048K)
 Metaspace       used 52145K, committed 52672K, reserved 262144K
  class space    used 6918K, committed 7168K, reserved 212992K
}

